01-03-2022 08:09:54.894 [restartedMain] INFO  com.app.AppApplication.logStarting - Starting AppApplication on Mahesh with PID 12948 (C:\Users\mahes\OneDrive\Desktop\Apps\spring-boot\App\target\classes started by mahes in C:\Users\mahes\OneDrive\Desktop\Apps\spring-boot\App)
01-03-2022 08:09:54.902 [restartedMain] DEBUG com.app.AppApplication.logStarting - Running with Spring Boot v2.2.4.RELEASE, Spring v5.2.3.RELEASE
01-03-2022 08:09:54.903 [restartedMain] INFO  com.app.AppApplication.logStartupProfileInfo - No active profile set, falling back to default profiles: default
01-03-2022 08:09:54.957 [restartedMain] INFO  o.s.b.d.restart.ChangeableUrls.logTo - The Class-Path manifest attribute in C:\Users\mahes\.m2\repository\org\glassfish\jaxb\jaxb-runtime\2.3.2\jaxb-runtime-2.3.2.jar referenced one or more files that do not exist: file:/C:/Users/mahes/.m2/repository/org/glassfish/jaxb/jaxb-runtime/2.3.2/jakarta.xml.bind-api-2.3.2.jar,file:/C:/Users/mahes/.m2/repository/org/glassfish/jaxb/jaxb-runtime/2.3.2/txw2-2.3.2.jar,file:/C:/Users/mahes/.m2/repository/org/glassfish/jaxb/jaxb-runtime/2.3.2/istack-commons-runtime-3.0.8.jar,file:/C:/Users/mahes/.m2/repository/org/glassfish/jaxb/jaxb-runtime/2.3.2/stax-ex-1.8.1.jar,file:/C:/Users/mahes/.m2/repository/org/glassfish/jaxb/jaxb-runtime/2.3.2/FastInfoset-1.2.16.jar,file:/C:/Users/mahes/.m2/repository/org/glassfish/jaxb/jaxb-runtime/2.3.2/jakarta.activation-api-1.2.1.jar
01-03-2022 08:09:54.958 [restartedMain] INFO  o.s.b.d.e.DevToolsPropertyDefaultsPostProcessor.logTo - Devtools property defaults active! Set 'spring.devtools.add-properties' to 'false' to disable
01-03-2022 08:09:54.958 [restartedMain] INFO  o.s.b.d.e.DevToolsPropertyDefaultsPostProcessor.logTo - For additional web related logging consider setting the 'logging.level.web' property to 'DEBUG'
01-03-2022 08:09:55.597 [restartedMain] INFO  o.s.d.r.c.RepositoryConfigurationDelegate.registerRepositoriesIn - Bootstrapping Spring Data JPA repositories in DEFAULT mode.
01-03-2022 08:09:55.654 [restartedMain] INFO  o.s.d.r.c.RepositoryConfigurationDelegate.registerRepositoriesIn - Finished Spring Data repository scanning in 48ms. Found 1 JPA repository interfaces.
01-03-2022 08:09:56.002 [restartedMain] INFO  o.s.c.s.PostProcessorRegistrationDelegate$BeanPostProcessorChecker.postProcessAfterInitialization - Bean 'org.springframework.transaction.annotation.ProxyTransactionManagementConfiguration' of type [org.springframework.transaction.annotation.ProxyTransactionManagementConfiguration] is not eligible for getting processed by all BeanPostProcessors (for example: not eligible for auto-proxying)
01-03-2022 08:09:56.344 [restartedMain] INFO  o.s.b.w.e.tomcat.TomcatWebServer.initialize - Tomcat initialized with port(s): 9090 (http)
01-03-2022 08:09:56.369 [restartedMain] INFO  o.a.catalina.core.StandardService.log - Starting service [Tomcat]
01-03-2022 08:09:56.370 [restartedMain] INFO  o.a.catalina.core.StandardEngine.log - Starting Servlet engine: [Apache Tomcat/9.0.30]
01-03-2022 08:09:56.448 [restartedMain] INFO  o.a.c.c.C.[Tomcat].[localhost].[/].log - Initializing Spring embedded WebApplicationContext
01-03-2022 08:09:56.449 [restartedMain] DEBUG o.s.web.context.ContextLoader.prepareWebApplicationContext - Published root WebApplicationContext as ServletContext attribute with name [org.springframework.web.context.WebApplicationContext.ROOT]
01-03-2022 08:09:56.449 [restartedMain] INFO  o.s.web.context.ContextLoader.prepareWebApplicationContext - Root WebApplicationContext: initialization completed in 1491 ms
01-03-2022 08:09:56.491 [restartedMain] INFO  com.zaxxer.hikari.HikariDataSource.getConnection - HikariPool-1 - Starting...
01-03-2022 08:09:56.672 [restartedMain] INFO  com.zaxxer.hikari.HikariDataSource.getConnection - HikariPool-1 - Start completed.
01-03-2022 08:09:56.679 [restartedMain] INFO  o.s.b.a.h.H2ConsoleAutoConfiguration.lambda$h2Console$0 - H2 console available at '/h2-console'. Database available at 'jdbc:h2:mem:testdb'
01-03-2022 08:09:56.827 [restartedMain] INFO  o.h.jpa.internal.util.LogHelper.logPersistenceUnitInformation - HHH000204: Processing PersistenceUnitInfo [name: default]
01-03-2022 08:09:56.910 [restartedMain] INFO  org.hibernate.Version.logVersion - HHH000412: Hibernate Core {5.4.10.Final}
01-03-2022 08:09:57.085 [restartedMain] INFO  o.h.annotations.common.Version.<clinit> - HCANN000001: Hibernate Commons Annotations {5.1.0.Final}
01-03-2022 08:09:57.211 [restartedMain] INFO  org.hibernate.dialect.Dialect.<init> - HHH000400: Using dialect: org.hibernate.dialect.H2Dialect
01-03-2022 08:09:57.781 [restartedMain] INFO  o.h.e.t.j.p.i.JtaPlatformInitiator.initiateService - HHH000490: Using JtaPlatform implementation: [org.hibernate.engine.transaction.jta.platform.internal.NoJtaPlatform]
01-03-2022 08:09:57.788 [restartedMain] INFO  o.s.o.j.LocalContainerEntityManagerFactoryBean.buildNativeEntityManagerFactory - Initialized JPA EntityManagerFactory for persistence unit 'default'
01-03-2022 08:09:57.803 [restartedMain] INFO  o.s.b.d.a.OptionalLiveReloadServer.startServer - LiveReload server is running on port 35729
01-03-2022 08:09:58.255 [restartedMain] WARN  o.s.b.a.o.j.JpaBaseConfiguration$JpaWebConfiguration.openEntityManagerInViewInterceptor - spring.jpa.open-in-view is enabled by default. Therefore, database queries may be performed during view rendering. Explicitly configure spring.jpa.open-in-view to disable this warning
01-03-2022 08:09:58.368 [restartedMain] INFO  o.s.s.c.ThreadPoolTaskExecutor.initialize - Initializing ExecutorService 'applicationTaskExecutor'
01-03-2022 08:09:58.380 [restartedMain] DEBUG o.s.w.s.m.m.a.RequestMappingHandlerAdapter.initControllerAdviceCache - ControllerAdvice beans: 0 @ModelAttribute, 0 @InitBinder, 1 RequestBodyAdvice, 1 ResponseBodyAdvice
01-03-2022 08:09:58.437 [restartedMain] DEBUG o.s.w.s.m.m.a.RequestMappingHandlerMapping.handlerMethodsInitialized - 9 mappings in 'requestMappingHandlerMapping'
01-03-2022 08:09:58.459 [restartedMain] DEBUG o.s.w.s.h.SimpleUrlHandlerMapping.registerHandlers - Patterns [/webjars/**, /**] in 'resourceHandlerMapping'
01-03-2022 08:09:58.472 [restartedMain] DEBUG o.s.w.s.m.m.a.ExceptionHandlerExceptionResolver.initExceptionHandlerAdviceCache - ControllerAdvice beans: 0 @ExceptionHandler, 1 ResponseBodyAdvice
01-03-2022 08:09:58.652 [restartedMain] INFO  o.s.b.w.e.tomcat.TomcatWebServer.start - Tomcat started on port(s): 9090 (http) with context path ''
01-03-2022 08:09:58.656 [restartedMain] INFO  com.app.AppApplication.logStarted - Started AppApplication in 4.094 seconds (JVM running for 4.677)
01-03-2022 08:10:11.433 [http-nio-9090-exec-1] INFO  o.a.c.c.C.[Tomcat].[localhost].[/].log - Initializing Spring DispatcherServlet 'dispatcherServlet'
01-03-2022 08:10:11.433 [http-nio-9090-exec-1] INFO  o.s.web.servlet.DispatcherServlet.initServletBean - Initializing Servlet 'dispatcherServlet'
01-03-2022 08:10:11.434 [http-nio-9090-exec-1] DEBUG o.s.web.servlet.DispatcherServlet.initMultipartResolver - Detected StandardServletMultipartResolver
01-03-2022 08:10:11.459 [http-nio-9090-exec-1] DEBUG o.s.web.servlet.DispatcherServlet.initServletBean - enableLoggingRequestDetails='false': request parameters and headers will be masked to prevent unsafe logging of potentially sensitive data
01-03-2022 08:10:11.460 [http-nio-9090-exec-1] INFO  o.s.web.servlet.DispatcherServlet.initServletBean - Completed initialization in 26 ms
01-03-2022 08:10:11.481 [http-nio-9090-exec-1] DEBUG o.s.web.servlet.DispatcherServlet.traceDebug - GET "/students", parameters={}
01-03-2022 08:10:11.490 [http-nio-9090-exec-1] DEBUG o.s.w.s.m.m.a.RequestMappingHandlerMapping.getHandler - Mapped to com.app.controller.StudentController#getStudentList()
01-03-2022 08:10:11.690 [http-nio-9090-exec-1] DEBUG o.s.w.s.m.m.a.HttpEntityMethodProcessor.writeWithMessageConverters - Using 'application/json', given [*/*] and supported [application/json, application/*+json, application/json, application/*+json]
01-03-2022 08:10:11.692 [http-nio-9090-exec-1] DEBUG o.s.w.s.m.m.a.HttpEntityMethodProcessor.traceDebug - Writing [[com.app.entity.Student@4ff68e53, com.app.entity.Student@494ed64, com.app.entity.Student@b65f095]]
01-03-2022 08:10:11.787 [http-nio-9090-exec-1] DEBUG o.s.web.servlet.DispatcherServlet.logResult - Completed 200 OK
01-03-2022 08:16:38.595 [http-nio-9090-exec-3] DEBUG o.s.web.servlet.DispatcherServlet.traceDebug - GET "/students", parameters={}
01-03-2022 08:16:38.603 [http-nio-9090-exec-3] DEBUG o.s.w.s.m.m.a.RequestMappingHandlerMapping.getHandler - Mapped to com.app.controller.StudentController#getStudentList()
01-03-2022 08:16:38.612 [http-nio-9090-exec-3] DEBUG o.s.w.s.m.m.a.HttpEntityMethodProcessor.writeWithMessageConverters - Using 'application/json', given [application/json, application/*+json] and supported [application/json, application/*+json, application/json, application/*+json]
01-03-2022 08:16:38.612 [http-nio-9090-exec-3] DEBUG o.s.w.s.m.m.a.HttpEntityMethodProcessor.traceDebug - Writing [[com.app.entity.Student@3d12d4, com.app.entity.Student@7323f37d, com.app.entity.Student@7a47c432]]
01-03-2022 08:16:38.612 [http-nio-9090-exec-3] DEBUG o.s.web.servlet.DispatcherServlet.logResult - Completed 200 OK
01-03-2022 08:17:12.486 [http-nio-9090-exec-4] DEBUG o.s.web.servlet.DispatcherServlet.traceDebug - GET "/", parameters={}
01-03-2022 08:17:12.487 [http-nio-9090-exec-4] DEBUG o.s.w.s.m.m.a.RequestMappingHandlerMapping.getHandler - Mapped to com.app.controller.LoginController#login(Model)
01-03-2022 08:17:12.511 [http-nio-9090-exec-4] DEBUG o.s.w.s.v.ContentNegotiatingViewResolver.getBestView - Selected 'text/html' given [text/html, application/xhtml+xml, image/avif, image/webp, image/apng, application/xml;q=0.9, application/signed-exchange;v=b3;q=0.9, */*;q=0.8]
01-03-2022 08:17:13.152 [http-nio-9090-exec-4] DEBUG o.s.web.servlet.DispatcherServlet.logResult - Completed 200 OK
01-03-2022 08:17:16.537 [http-nio-9090-exec-10] DEBUG o.s.web.servlet.DispatcherServlet.traceDebug - GET "/favicon.ico", parameters={}
01-03-2022 08:17:16.547 [http-nio-9090-exec-10] DEBUG o.s.w.s.h.SimpleUrlHandlerMapping.getHandler - Mapped to ResourceHttpRequestHandler ["classpath:/META-INF/resources/", "classpath:/resources/", "classpath:/static/", "classpath:/public/", "/"]
01-03-2022 08:17:16.553 [http-nio-9090-exec-10] DEBUG o.s.w.s.r.ResourceHttpRequestHandler.handleRequest - Resource not found
01-03-2022 08:17:16.553 [http-nio-9090-exec-10] DEBUG o.s.web.servlet.DispatcherServlet.logResult - Completed 404 NOT_FOUND
01-03-2022 08:17:16.560 [http-nio-9090-exec-10] DEBUG o.s.web.servlet.DispatcherServlet.traceDebug - "ERROR" dispatch for GET "/error", parameters={}
01-03-2022 08:17:16.560 [http-nio-9090-exec-10] DEBUG o.s.w.s.m.m.a.RequestMappingHandlerMapping.getHandler - Mapped to com.app.MyErrorController#handleError(HttpServletRequest, Model)
01-03-2022 08:17:16.560 [http-nio-9090-exec-10] DEBUG o.s.w.s.v.ContentNegotiatingViewResolver.getBestView - Selected '*/*;q=0.8' given [image/avif, image/webp, image/apng, image/svg+xml, image/*, */*;q=0.8]
01-03-2022 08:17:16.569 [http-nio-9090-exec-10] DEBUG o.s.web.servlet.DispatcherServlet.logResult - Exiting from "ERROR" dispatch, status 404
01-03-2022 08:17:37.995 [http-nio-9090-exec-4] DEBUG o.s.web.servlet.DispatcherServlet.traceDebug - POST "/createStudent", parameters={}
01-03-2022 08:17:37.996 [http-nio-9090-exec-4] DEBUG o.s.w.s.m.m.a.RequestMappingHandlerMapping.getHandler - Mapped to com.app.controller.StudentController#createStudent(Student)
01-03-2022 08:17:38.077 [http-nio-9090-exec-4] DEBUG o.s.w.s.m.m.a.RequestResponseBodyMethodProcessor.traceDebug - Read "application/json;charset=UTF-8" to [com.app.entity.Student@7aede7a7]
01-03-2022 08:17:38.135 [http-nio-9090-exec-4] DEBUG o.s.w.s.m.m.a.HttpEntityMethodProcessor.writeWithMessageConverters - Using 'text/plain', given [text/plain, application/json, application/*+json, */*] and supported [text/plain, */*, text/plain, */*, application/json, application/*+json, application/json, application/*+json]
01-03-2022 08:17:38.136 [http-nio-9090-exec-4] DEBUG o.s.w.s.m.m.a.HttpEntityMethodProcessor.traceDebug - Writing ["Student is saved with id :1"]
01-03-2022 08:17:38.138 [http-nio-9090-exec-4] DEBUG o.s.web.servlet.DispatcherServlet.logResult - Completed 201 CREATED
01-03-2022 08:17:38.142 [http-nio-9090-exec-10] DEBUG o.s.web.servlet.DispatcherServlet.traceDebug - GET "/students", parameters={}
01-03-2022 08:17:38.147 [http-nio-9090-exec-10] DEBUG o.s.w.s.m.m.a.RequestMappingHandlerMapping.getHandler - Mapped to com.app.controller.StudentController#getStudentList()
01-03-2022 08:17:38.154 [http-nio-9090-exec-10] DEBUG o.s.w.s.m.m.a.HttpEntityMethodProcessor.writeWithMessageConverters - Using 'application/json', given [application/json, application/*+json] and supported [application/json, application/*+json, application/json, application/*+json]
01-03-2022 08:17:38.154 [http-nio-9090-exec-10] DEBUG o.s.w.s.m.m.a.HttpEntityMethodProcessor.traceDebug - Writing [[com.app.entity.Student@16f60fa8, com.app.entity.Student@17ddf21e, com.app.entity.Student@3e0fb008,  (truncated)...]
01-03-2022 08:17:38.157 [http-nio-9090-exec-10] DEBUG o.s.web.servlet.DispatcherServlet.logResult - Completed 200 OK
01-03-2022 08:18:19.897 [http-nio-9090-exec-9] DEBUG o.s.web.servlet.DispatcherServlet.traceDebug - DELETE "/deleteStudent/101", parameters={}
01-03-2022 08:18:19.897 [http-nio-9090-exec-9] DEBUG o.s.w.s.m.m.a.RequestMappingHandlerMapping.getHandler - Mapped to com.app.controller.StudentController#deleteStudent(Integer)
01-03-2022 08:18:19.937 [http-nio-9090-exec-9] DEBUG o.s.w.s.m.m.a.HttpEntityMethodProcessor.writeWithMessageConverters - Using 'text/plain', given [*/*] and supported [text/plain, */*, text/plain, */*, application/json, application/*+json, application/json, application/*+json]
01-03-2022 08:18:19.937 [http-nio-9090-exec-9] DEBUG o.s.w.s.m.m.a.HttpEntityMethodProcessor.traceDebug - Writing ["Student is not avaliable with id :101"]
01-03-2022 08:18:19.948 [http-nio-9090-exec-9] DEBUG o.s.web.servlet.DispatcherServlet.logResult - Completed 200 OK
01-03-2022 08:18:19.948 [http-nio-9090-exec-9] DEBUG o.s.web.servlet.DispatcherServlet.traceDebug - GET "/students", parameters={}
01-03-2022 08:18:19.948 [http-nio-9090-exec-9] DEBUG o.s.w.s.m.m.a.RequestMappingHandlerMapping.getHandler - Mapped to com.app.controller.StudentController#getStudentList()
01-03-2022 08:18:19.957 [http-nio-9090-exec-9] DEBUG o.s.w.s.m.m.a.HttpEntityMethodProcessor.writeWithMessageConverters - Using 'application/json', given [application/json, application/*+json] and supported [application/json, application/*+json, application/json, application/*+json]
01-03-2022 08:18:19.957 [http-nio-9090-exec-9] DEBUG o.s.w.s.m.m.a.HttpEntityMethodProcessor.traceDebug - Writing [[com.app.entity.Student@72fc7758, com.app.entity.Student@5038c51, com.app.entity.Student@5b090cd6]]
01-03-2022 08:18:19.958 [http-nio-9090-exec-9] DEBUG o.s.web.servlet.DispatcherServlet.logResult - Completed 200 OK
01-03-2022 08:18:30.822 [http-nio-9090-exec-8] DEBUG o.s.web.servlet.DispatcherServlet.traceDebug - GET "/students", parameters={}
01-03-2022 08:18:30.827 [http-nio-9090-exec-8] DEBUG o.s.w.s.m.m.a.RequestMappingHandlerMapping.getHandler - Mapped to com.app.controller.StudentController#getStudentList()
01-03-2022 08:18:30.830 [http-nio-9090-exec-8] DEBUG o.s.w.s.m.m.a.HttpEntityMethodProcessor.writeWithMessageConverters - Using 'application/json', given [application/json, application/*+json] and supported [application/json, application/*+json, application/json, application/*+json]
01-03-2022 08:18:30.830 [http-nio-9090-exec-8] DEBUG o.s.w.s.m.m.a.HttpEntityMethodProcessor.traceDebug - Writing [[com.app.entity.Student@43ee777, com.app.entity.Student@198535b0, com.app.entity.Student@339275ec]]
01-03-2022 08:18:30.835 [http-nio-9090-exec-8] DEBUG o.s.web.servlet.DispatcherServlet.logResult - Completed 200 OK
01-03-2022 08:18:30.838 [http-nio-9090-exec-2] DEBUG o.s.web.servlet.DispatcherServlet.traceDebug - GET "/getStudent/1", parameters={}
01-03-2022 08:18:30.838 [http-nio-9090-exec-2] DEBUG o.s.w.s.m.m.a.RequestMappingHandlerMapping.getHandler - Mapped to com.app.controller.StudentController#getStudentById(Integer)
01-03-2022 08:18:30.848 [http-nio-9090-exec-2] DEBUG o.s.w.s.m.m.a.HttpEntityMethodProcessor.writeWithMessageConverters - Using 'application/json', given [application/json, application/*+json] and supported [application/json, application/*+json, application/json, application/*+json]
01-03-2022 08:18:30.848 [http-nio-9090-exec-2] DEBUG o.s.w.s.m.m.a.HttpEntityMethodProcessor.traceDebug - Writing [com.app.entity.Student@7b104061]
01-03-2022 08:18:30.854 [http-nio-9090-exec-2] DEBUG o.s.web.servlet.DispatcherServlet.logResult - Completed 200 OK
01-03-2022 08:18:38.143 [http-nio-9090-exec-1] DEBUG o.s.web.servlet.DispatcherServlet.traceDebug - POST "/createStudent", parameters={}
01-03-2022 08:18:38.145 [http-nio-9090-exec-1] DEBUG o.s.w.s.m.m.a.RequestMappingHandlerMapping.getHandler - Mapped to com.app.controller.StudentController#createStudent(Student)
01-03-2022 08:18:38.148 [http-nio-9090-exec-1] DEBUG o.s.w.s.m.m.a.RequestResponseBodyMethodProcessor.traceDebug - Read "application/json;charset=UTF-8" to [com.app.entity.Student@7d83fa93]
01-03-2022 08:18:38.157 [http-nio-9090-exec-1] DEBUG o.s.w.s.m.m.a.HttpEntityMethodProcessor.writeWithMessageConverters - Using 'text/plain', given [text/plain, application/json, application/*+json, */*] and supported [text/plain, */*, text/plain, */*, application/json, application/*+json, application/json, application/*+json]
01-03-2022 08:18:38.165 [http-nio-9090-exec-1] DEBUG o.s.w.s.m.m.a.HttpEntityMethodProcessor.traceDebug - Writing ["Student is saved with id :1"]
01-03-2022 08:18:38.167 [http-nio-9090-exec-1] DEBUG o.s.web.servlet.DispatcherServlet.logResult - Completed 201 CREATED
01-03-2022 08:18:38.169 [http-nio-9090-exec-1] DEBUG o.s.web.servlet.DispatcherServlet.traceDebug - GET "/students", parameters={}
01-03-2022 08:18:38.169 [http-nio-9090-exec-1] DEBUG o.s.w.s.m.m.a.RequestMappingHandlerMapping.getHandler - Mapped to com.app.controller.StudentController#getStudentList()
01-03-2022 08:18:38.169 [http-nio-9090-exec-1] DEBUG o.s.w.s.m.m.a.HttpEntityMethodProcessor.writeWithMessageConverters - Using 'application/json', given [application/json, application/*+json] and supported [application/json, application/*+json, application/json, application/*+json]
01-03-2022 08:18:38.169 [http-nio-9090-exec-1] DEBUG o.s.w.s.m.m.a.HttpEntityMethodProcessor.traceDebug - Writing [[com.app.entity.Student@54d03cc1, com.app.entity.Student@738affd9, com.app.entity.Student@3419cd3f]]
01-03-2022 08:18:38.177 [http-nio-9090-exec-1] DEBUG o.s.web.servlet.DispatcherServlet.logResult - Completed 200 OK
01-03-2022 08:20:26.948 [http-nio-9090-exec-9] DEBUG o.s.web.servlet.DispatcherServlet.traceDebug - GET "/students", parameters={}
01-03-2022 08:20:26.949 [http-nio-9090-exec-9] DEBUG o.s.w.s.m.m.a.RequestMappingHandlerMapping.getHandler - Mapped to com.app.controller.StudentController#getStudentList()
01-03-2022 08:20:26.951 [http-nio-9090-exec-9] DEBUG o.s.w.s.m.m.a.HttpEntityMethodProcessor.writeWithMessageConverters - Using 'application/json', given [application/json, application/*+json] and supported [application/json, application/*+json, application/json, application/*+json]
01-03-2022 08:20:26.951 [http-nio-9090-exec-9] DEBUG o.s.w.s.m.m.a.HttpEntityMethodProcessor.traceDebug - Writing [[com.app.entity.Student@1f2ac04d, com.app.entity.Student@56855728, com.app.entity.Student@577e6224]]
01-03-2022 08:20:26.952 [http-nio-9090-exec-9] DEBUG o.s.web.servlet.DispatcherServlet.logResult - Completed 200 OK
01-03-2022 08:20:26.953 [http-nio-9090-exec-4] DEBUG o.s.web.servlet.DispatcherServlet.traceDebug - GET "/getStudent/1", parameters={}
01-03-2022 08:20:26.954 [http-nio-9090-exec-4] DEBUG o.s.w.s.m.m.a.RequestMappingHandlerMapping.getHandler - Mapped to com.app.controller.StudentController#getStudentById(Integer)
01-03-2022 08:20:26.957 [http-nio-9090-exec-4] DEBUG o.s.w.s.m.m.a.HttpEntityMethodProcessor.writeWithMessageConverters - Using 'application/json', given [application/json, application/*+json] and supported [application/json, application/*+json, application/json, application/*+json]
01-03-2022 08:20:26.957 [http-nio-9090-exec-4] DEBUG o.s.w.s.m.m.a.HttpEntityMethodProcessor.traceDebug - Writing [com.app.entity.Student@2aaf51c2]
01-03-2022 08:20:26.958 [http-nio-9090-exec-4] DEBUG o.s.web.servlet.DispatcherServlet.logResult - Completed 200 OK
01-03-2022 08:20:35.862 [http-nio-9090-exec-10] DEBUG o.s.web.servlet.DispatcherServlet.traceDebug - POST "/createStudent", parameters={}
01-03-2022 08:20:35.862 [http-nio-9090-exec-10] DEBUG o.s.w.s.m.m.a.RequestMappingHandlerMapping.getHandler - Mapped to com.app.controller.StudentController#createStudent(Student)
01-03-2022 08:20:35.867 [http-nio-9090-exec-10] DEBUG o.s.w.s.m.m.a.RequestResponseBodyMethodProcessor.traceDebug - Read "application/json;charset=UTF-8" to [com.app.entity.Student@2fce3479]
01-03-2022 08:20:35.871 [http-nio-9090-exec-10] DEBUG o.s.w.s.m.m.a.HttpEntityMethodProcessor.writeWithMessageConverters - Using 'text/plain', given [text/plain, application/json, application/*+json, */*] and supported [text/plain, */*, text/plain, */*, application/json, application/*+json, application/json, application/*+json]
01-03-2022 08:20:35.871 [http-nio-9090-exec-10] DEBUG o.s.w.s.m.m.a.HttpEntityMethodProcessor.traceDebug - Writing ["Student is saved with id :1"]
01-03-2022 08:20:35.871 [http-nio-9090-exec-10] DEBUG o.s.web.servlet.DispatcherServlet.logResult - Completed 201 CREATED
01-03-2022 08:20:35.877 [http-nio-9090-exec-3] DEBUG o.s.web.servlet.DispatcherServlet.traceDebug - GET "/students", parameters={}
01-03-2022 08:20:35.877 [http-nio-9090-exec-3] DEBUG o.s.w.s.m.m.a.RequestMappingHandlerMapping.getHandler - Mapped to com.app.controller.StudentController#getStudentList()
01-03-2022 08:20:35.877 [http-nio-9090-exec-3] DEBUG o.s.w.s.m.m.a.HttpEntityMethodProcessor.writeWithMessageConverters - Using 'application/json', given [application/json, application/*+json] and supported [application/json, application/*+json, application/json, application/*+json]
01-03-2022 08:20:35.877 [http-nio-9090-exec-3] DEBUG o.s.w.s.m.m.a.HttpEntityMethodProcessor.traceDebug - Writing [[com.app.entity.Student@4ca14478, com.app.entity.Student@7bf99c7c, com.app.entity.Student@1d293327]]
01-03-2022 08:20:35.886 [http-nio-9090-exec-3] DEBUG o.s.web.servlet.DispatcherServlet.logResult - Completed 200 OK
